<?xml version="1.0" encoding="UTF-8"?>
<!-- Generated by org.testng.reporters.JUnitReportReporter -->
<testsuite hostname="Ankitas-MacBook-Pro.local" name="com.xero.xeroSeleniumTest" tests="4" failures="0" timestamp="28 Dec 2018 06:36:07 GMT" time="169.746" errors="0">
  <testcase name="addAccountPositiveTest" time="44.934" classname="com.xero.xeroSeleniumTest"/>
  <testcase name="addAccountEmptyAccountType" time="38.905" classname="com.xero.xeroSeleniumTest"/>
  <testcase name="addAccountEmptyAccountNumber" time="37.486" classname="com.xero.xeroSeleniumTest"/>
  <testcase name="addAccountEmptyAccountName" time="48.421" classname="com.xero.xeroSeleniumTest"/>
</testsuite> <!-- com.xero.xeroSeleniumTest -->
